[[33mWarning [0m] warning: there were two feature warnings; re-run with -feature for details
[[34m  Info  [0m]  - Now considering 'lambda precondition' VC for inv @?:?...
instExpr:false
[[34m  Info  [0m]  => VALID
[[34m  Info  [0m]  - Now considering 'lambda precondition' VC for inv @?:?...
instExpr:âˆ€x$98: A, x$99: A. thiss.combine.pre(x$98, x$99) && Â¬thiss.combine.pre(thiss.empty, x)
[[34m  Info  [0m]  => VALID
[[34m  Info  [0m]  - Now considering 'lambda precondition' VC for inv @?:?...
instExpr:âˆ€x$98: A, x$99: A. thiss.combine.pre(x$98, x$99) && âˆ€x: A. (thiss.combine.f(thiss.empty, x) == x) && Â¬thiss.combine.pre(x, thiss.empty)
[[34m  Info  [0m]  => VALID
[[34m  Info  [0m]  - Now considering 'lambda precondition' VC for inv @?:?...
instExpr:false
[[34m  Info  [0m]  => VALID
[[34m  Info  [0m]  - Now considering 'lambda precondition' VC for inv @?:?...
instExpr:false
[[34m  Info  [0m]  => VALID
[[34m  Info  [0m]  - Now considering 'lambda precondition' VC for inv @?:?...
instExpr:false
[[34m  Info  [0m]  => VALID
[[34m  Info  [0m]  - Now considering 'postcond. (ind. on n: Nat / Succ)' VC for lemma_rightIdentityZeroPlus @?:?...
instExpr:n.isInstanceOf[Succ] && +(n.asInstanceOf[Succ].n, Zero()) == n.asInstanceOf[Succ].n && +(n, Zero()) â‰  n
[[34m  Info  [0m]  => VALID
[[34m  Info  [0m]  - Now considering 'postcond. (ind. on n: Nat / Zero)' VC for lemma_rightIdentityZeroPlus @?:?...
instExpr:n.isInstanceOf[Zero] && +(n, Zero()) â‰  n
[[34m  Info  [0m]  => VALID
[[34m  Info  [0m]  - Now considering 'postcond. (ind. on n: Nat / Succ)' VC for lemma_leftIdentityZeroPlus @?:?...
instExpr:n.isInstanceOf[Succ] && +(Zero(), n.asInstanceOf[Succ].n) == n.asInstanceOf[Succ].n && +(Zero(), n) â‰  n
[[34m  Info  [0m]  => VALID
[[34m  Info  [0m]  - Now considering 'postcond. (ind. on n: Nat / Zero)' VC for lemma_leftIdentityZeroPlus @?:?...
instExpr:n.isInstanceOf[Zero] && +(Zero(), n) â‰  n
[[34m  Info  [0m]  => VALID
[[34m  Info  [0m]  - Now considering 'body assertion' VC for natPlusMonoid @?:?...
instExpr:Â¬âˆ€x: Nat. {
  val res: Boolean = +(Zero(), x) == x
  assume(res)
  res
} || Â¬âˆ€x: Nat. {
  val res: Boolean = +(x, Zero()) == x
  assume(res)
  res
}
[[34m  Info  [0m]  => VALID
[[34m  Info  [0m]  - Now considering 'body assertion' VC for natPlusMonoid @?:?...
instExpr:+(Zero(), x) â‰  x
[[34m  Info  [0m]  => VALID
[[34m  Info  [0m]  - Now considering 'body assertion' VC for natPlusMonoid @?:?...
instExpr:âˆ€x: Nat. {
  val res: Boolean = +(Zero(), x) == x
  assume(res)
  res
} && +(x, Zero()) â‰  x
[[34m  Info  [0m] 
[[33mWarning [0m] Interrupted...
[[33mWarning [0m]  => CANCELLED
[[34m  Info  [0m]  - Now considering 'adt invariant' VC for natPlusMonoid @?:?...
instExpr:âˆ€x: Nat. {
  val res: Boolean = +(Zero(), x) == x
  assume(res)
  res
} && âˆ€x: Nat. {
  val res: Boolean = +(x, Zero()) == x
  assume(res)
  res
} && {
  val thiss: Monoid[Nat] = Monoid[Nat](Zero(), fun2[Nat, Nat, Nat]((x$1: Nat, x$2: Nat) => +(x$1, x$2), (x$1: Nat, x$2: Nat) => true))
  Â¬âˆ€x$253: Nat, x$254: Nat. thiss.combine.pre(x$253, x$254) || Â¬âˆ€x: Nat. (thiss.combine.f(thiss.empty, x) == x) || Â¬âˆ€x: Nat. (thiss.combine.f(x, thiss.empty) == x)
}
[[34m  Info  [0m]  => VALID
[[34m  Info  [0m]  - Now considering 'match exhaustiveness' VC for + @?:?...
instExpr:false
[[34m  Info  [0m]  => VALID
[[34m  Info  [0m]   â”Œâ”€â”€â”€â”€â”€â”€â”€â”€â”€â”€â”€â”€â”€â”€â”€â”€â”€â”€â”€â”€â”€â”€â”
[[34m  Info  [0m] â•”â•â•¡ Verification Summary â•â•â•â•â•â•â•â•â•â•â•â•â•â•â•â•â•â•â•â•â•â•â•â•â•â•â•â•â•â•â•â•â•â•â•â•â•â•â•â•â•â•â•â•â•â•â•â•â•â•â•â•â•â•â•â•â•â•â•â•â•â•â•â•â•â•â•â•â•â•â•â•â•â•â•â•—
[[34m  Info  [0m] â•‘ â””â”€â”€â”€â”€â”€â”€â”€â”€â”€â”€â”€â”€â”€â”€â”€â”€â”€â”€â”€â”€â”€â”€â”˜                                                                          â•‘
[[34m  Info  [0m] â•‘ +                            match exhaustiveness               ?:?  valid      nativez3  0.021   â•‘
[[34m  Info  [0m] â•‘ inv                          lambda precondition                ?:?  valid      nativez3  0.022   â•‘
[[34m  Info  [0m] â•‘ inv                          lambda precondition                ?:?  valid      nativez3  0.071   â•‘
[[34m  Info  [0m] â•‘ inv                          lambda precondition                ?:?  valid      nativez3  0.023   â•‘
[[34m  Info  [0m] â•‘ inv                          lambda precondition                ?:?  valid      nativez3  0.171   â•‘
[[34m  Info  [0m] â•‘ inv                          lambda precondition                ?:?  valid      nativez3  0.417   â•‘
[[34m  Info  [0m] â•‘ inv                          lambda precondition                ?:?  valid      nativez3  0.022   â•‘
[[34m  Info  [0m] â•‘ lemma_leftIdentityZeroPlus   postcond. (ind. on n: Nat / Succ)  ?:?  valid      nativez3  0.048   â•‘
[[34m  Info  [0m] â•‘ lemma_leftIdentityZeroPlus   postcond. (ind. on n: Nat / Zero)  ?:?  valid      nativez3  0.050   â•‘
[[34m  Info  [0m] â•‘ lemma_rightIdentityZeroPlus  postcond. (ind. on n: Nat / Succ)  ?:?  valid      nativez3  0.307   â•‘
[[34m  Info  [0m] â•‘ lemma_rightIdentityZeroPlus  postcond. (ind. on n: Nat / Zero)  ?:?  valid      nativez3  0.078   â•‘
[[34m  Info  [0m] â•‘ natPlusMonoid                adt invariant                      ?:?  valid      nativez3  0.286   â•‘
[[34m  Info  [0m] â•‘ natPlusMonoid                body assertion                     ?:?  valid      nativez3  0.031   â•‘
[[34m  Info  [0m] â•‘ natPlusMonoid                body assertion                     ?:?  valid      nativez3  0.130   â•‘
[[34m  Info  [0m] â•‘ natPlusMonoid                body assertion                     ?:?  cancelled  nativez3  62.229  â•‘
[[34m  Info  [0m] â•Ÿâ”„â”„â”„â”„â”„â”„â”„â”„â”„â”„â”„â”„â”„â”„â”„â”„â”„â”„â”„â”„â”„â”„â”„â”„â”„â”„â”„â”„â”„â”„â”„â”„â”„â”„â”„â”„â”„â”„â”„â”„â”„â”„â”„â”„â”„â”„â”„â”„â”„â”„â”„â”„â”„â”„â”„â”„â”„â”„â”„â”„â”„â”„â”„â”„â”„â”„â”„â”„â”„â”„â”„â”„â”„â”„â”„â”„â”„â”„â”„â”„â”„â”„â”„â”„â”„â”„â”„â”„â”„â”„â”„â”„â”„â”„â”„â”„â”„â”„â”„â•¢
[[34m  Info  [0m] â•‘ total: 15     valid: 14     invalid: 0      unknown: 1                                     63.906 â•‘
[[34m  Info  [0m] â•šâ•â•â•â•â•â•â•â•â•â•â•â•â•â•â•â•â•â•â•â•â•â•â•â•â•â•â•â•â•â•â•â•â•â•â•â•â•â•â•â•â•â•â•â•â•â•â•â•â•â•â•â•â•â•â•â•â•â•â•â•â•â•â•â•â•â•â•â•â•â•â•â•â•â•â•â•â•â•â•â•â•â•â•â•â•â•â•â•â•â•â•â•â•â•â•â•â•â•â•â•
