[  Info  ]  - Now considering 'lambda precondition' VC for inv @?:?...
[ Debug  ] instExpr: false
[  Info  ]  => VALID
[  Info  ]  - Now considering 'lambda precondition' VC for inv @?:?...
[ Debug  ] instExpr: ∀x$96: A, x$97: A. thiss.combine.pre(x$96, x$97) && ¬thiss.combine.pre(thiss.empty, x)
[  Info  ]  => VALID
[  Info  ]  - Now considering 'lambda precondition' VC for inv @?:?...
[ Debug  ] instExpr: ∀x$96: A, x$97: A. thiss.combine.pre(x$96, x$97) && ∀x: A. (thiss.combine.f(thiss.empty, x) == x) && ¬thiss.combine.pre(x, thiss.empty)
[  Info  ]  => VALID
[  Info  ]  - Now considering 'lambda precondition' VC for inv @?:?...
[ Debug  ] instExpr: false
[  Info  ]  => VALID
[  Info  ]  - Now considering 'lambda precondition' VC for inv @?:?...
[ Debug  ] instExpr: false
[  Info  ]  => VALID
[  Info  ]  - Now considering 'lambda precondition' VC for inv @?:?...
[ Debug  ] instExpr: false
[  Info  ]  => VALID
[  Info  ]  - Now considering 'postcond. (ind. on n: Nat / Succ)' VC for lemma_leftIdentityZeroPlus @?:?...
[ Debug  ] instExpr: n.isInstanceOf[Succ] && +(Zero(), n.asInstanceOf[Succ].n) == n.asInstanceOf[Succ].n && +(Zero(), n) ≠ n
[  Info  ]  => VALID
[  Info  ]  - Now considering 'postcond. (ind. on n: Nat / Zero)' VC for lemma_leftIdentityZeroPlus @?:?...
[ Debug  ] instExpr: n.isInstanceOf[Zero] && +(Zero(), n) ≠ n
[  Info  ]  => VALID
[  Info  ]  - Now considering 'body assertion' VC for natPlusPseudoMonoid @?:?...
[ Debug  ] instExpr: ¬∀x: Nat. {
[ Debug  ]   val res: Boolean = +(Zero(), x) == x
[ Debug  ]   assume(res)
[ Debug  ]   res
[ Debug  ] } || ¬∀x: Nat. {
[ Debug  ]   val res: Boolean = +(x, Zero()) == x
[ Debug  ]   assume(res)
[ Debug  ]   res
[ Debug  ] }
[  Info  ]  => VALID
[  Info  ]  - Now considering 'body assertion' VC for natPlusPseudoMonoid @?:?...
[ Debug  ] instExpr: +(Zero(), x) ≠ x
[  Info  ]  => VALID
[  Info  ]  - Now considering 'body assertion' VC for natPlusPseudoMonoid @?:?...
[ Debug  ] instExpr: ∀x: Nat. {
[ Debug  ]   val res: Boolean = +(Zero(), x) == x
[ Debug  ]   assume(res)
[ Debug  ]   res
[ Debug  ] } && +(x, Zero()) ≠ x
[Warning ]  => TIMEOUT
[  Info  ]  - Now considering 'adt invariant' VC for natPlusPseudoMonoid @?:?...
[ Debug  ] instExpr: ∀x: Nat. {
[ Debug  ]   val res: Boolean = +(Zero(), x) == x
[ Debug  ]   assume(res)
[ Debug  ]   res
[ Debug  ] } && ∀x: Nat. {
[ Debug  ]   val res: Boolean = +(x, Zero()) == x
[ Debug  ]   assume(res)
[ Debug  ]   res
[ Debug  ] } && {
[ Debug  ]   val thiss: PseudoMonoid[Nat] = PseudoMonoid[Nat](Zero(), fun2[Nat, Nat, Nat]((x$1: Nat, x$2: Nat) => +(x$1, x$2), (x$1: Nat, x$2: Nat) => true))
[ Debug  ]   ¬∀x$251: Nat, x$252: Nat. thiss.combine.pre(x$251, x$252) || ¬∀x: Nat. (thiss.combine.f(thiss.empty, x) == x) || ¬∀x: Nat. (thiss.combine.f(x, thiss.empty) == x)
[ Debug  ] }
[  Info  ]  => VALID
[  Info  ]  - Now considering 'postcond. (ind. on n: Nat / Succ)' VC for lemma_rightIdentityZeroPlus @?:?...
[ Debug  ] instExpr: n.isInstanceOf[Succ] && +(n.asInstanceOf[Succ].n, Zero()) == n.asInstanceOf[Succ].n && +(n, Zero()) ≠ n
[  Info  ]  => VALID
[  Info  ]  - Now considering 'postcond. (ind. on n: Nat / Zero)' VC for lemma_rightIdentityZeroPlus @?:?...
[ Debug  ] instExpr: n.isInstanceOf[Zero] && +(n, Zero()) ≠ n
[  Info  ]  => VALID
[  Info  ]  - Now considering 'match exhaustiveness' VC for + @?:?...
[ Debug  ] instExpr: false
[  Info  ]  => VALID
[  Info  ]   ┌──────────────────────┐
[  Info  ] ╔═╡ Verification Summary ╞══════════════════════════════════════════════════════════════════════════╗
[  Info  ] ║ └──────────────────────┘                                                                          ║
[  Info  ] ║ +                            match exhaustiveness               ?:?  valid      nativez3  0.037   ║
[  Info  ] ║ inv                          lambda precondition                ?:?  valid      nativez3  0.430   ║
[  Info  ] ║ inv                          lambda precondition                ?:?  valid      nativez3  0.027   ║
[  Info  ] ║ inv                          lambda precondition                ?:?  valid      nativez3  0.021   ║
[  Info  ] ║ inv                          lambda precondition                ?:?  valid      nativez3  0.059   ║
[  Info  ] ║ inv                          lambda precondition                ?:?  valid      nativez3  0.027   ║
[  Info  ] ║ inv                          lambda precondition                ?:?  valid      nativez3  0.186   ║
[  Info  ] ║ lemma_leftIdentityZeroPlus   postcond. (ind. on n: Nat / Succ)  ?:?  valid      nativez3  0.221   ║
[  Info  ] ║ lemma_leftIdentityZeroPlus   postcond. (ind. on n: Nat / Zero)  ?:?  valid      nativez3  0.042   ║
[  Info  ] ║ lemma_rightIdentityZeroPlus  postcond. (ind. on n: Nat / Succ)  ?:?  valid      nativez3  0.032   ║
[  Info  ] ║ lemma_rightIdentityZeroPlus  postcond. (ind. on n: Nat / Zero)  ?:?  valid      nativez3  0.026   ║
[  Info  ] ║ natPlusPseudoMonoid          adt invariant                      ?:?  valid      nativez3  0.237   ║
[  Info  ] ║ natPlusPseudoMonoid          body assertion                     ?:?  valid      nativez3  0.081   ║
[  Info  ] ║ natPlusPseudoMonoid          body assertion                     ?:?  cancelled  nativez3  8.149   ║
[  Info  ] ║ natPlusPseudoMonoid          body assertion                     ?:?  valid      nativez3  0.038   ║
[  Info  ] ╟┄┄┄┄┄┄┄┄┄┄┄┄┄┄┄┄┄┄┄┄┄┄┄┄┄┄┄┄┄┄┄┄┄┄┄┄┄┄┄┄┄┄┄┄┄┄┄┄┄┄┄┄┄┄┄┄┄┄┄┄┄┄┄┄┄┄┄┄┄┄┄┄┄┄┄┄┄┄┄┄┄┄┄┄┄┄┄┄┄┄┄┄┄┄┄┄┄┄┄╢
[  Info  ] ║ total: 15     valid: 14     invalid: 0      unknown: 1                                      9.613 ║
[  Info  ] ╚═══════════════════════════════════════════════════════════════════════════════════════════════════╝
